.android/Flutter/build/outputs/mapping/release/seeds.txt
bbc.u46.eform_modul.R$dimen: int mtrl_calendar_selection_text_baseline_to_bottom
bbc.u46.eform_modul.R$integer: int material_motion_path
bbc.u46.eform_modul.R$style: int Base_TextAppearance_AppCompat_Large
bbc.u46.eform_modul.R$style: int ThemeOverlay_MaterialComponents_AutoCompleteTextView
bbc.u46.eform_modul.R$styleable: int Constraint_layout_constraintHeight_max
bbc.u46.eform_modul.BuildConfig: java.lang.String BUILD_TYPE
bbc.u46.eform_modul.R$style: int TextAppearance_AppCompat_Light_SearchResult_Title
bbc.u46.eform_modul.R$dimen: int _90sdp
bbc.u46.eform_modul.R$style: int TextAppearance_Compat_Notification_Time
bbc.u46.eform_modul.R$style: int Widget_AppCompat_CompoundButton_RadioButton
bbc.u46.eform_modul.R$styleable: int Constraint_android_layout_marginStart
bbc.u46.eform_modul.R$style: int Base_V7_Theme_AppCompat
bbc.u46.eform_modul.R$style: int Theme_MaterialComponents_DialogWhenLarge
bbc.u46.eform_modul.R$attr: int overlay
bbc.u46.eform_modul.R$styleable: int StepView_sv_nextStepCircleEnabled
bbc.u46.eform_modul.R$color: int mtrl_fab_bg_color_selector
bbc.u46.eform_modul.R$attr: int layout_constraintWidth_default
bbc.u46.eform_modul.R$style: int Base_DialogWindowTitle_AppCompat
bbc.u46.eform_modul.R$attr: int animationMode
bbc.u46.eform_modul.R$styleable: int Layout_layout_editor_absoluteX
bbc.u46.eform_modul.R$style: int Widget_AppCompat_ActionBar_Solid
bbc.u46.eform_modul.R$dimen: int mtrl_fab_elevation
bbc.u46.eform_modul.R$dimen: int _134sdp
bbc.u46.eform_modul.R$styleable: int Layout_layout_constraintEnd_toEndOf
bbc.u46.eform_modul.R$string: int common_google_play_services_enable_button
bbc.u46.eform_modul.R$string: int material_clock_toggle_content_description
bbc.u46.eform_modul.R$attr: int itemShapeInsetTop
bbc.u46.eform_modul.R$dimen: int _224sdp
bbc.u46.eform_modul.R$styleable: int SplitPlaceholderRule_splitLayoutDirection
bbc.u46.eform_modul.R$integer: int mtrl_calendar_header_orientation
bbc.u46.eform_modul.R$style: int Base_Widget_AppCompat_ActionButton_CloseMode
bbc.u46.eform_modul.R$attr: int tabUnboundedRipple
bbc.u46.eform_modul.R$styleable: int KeyCycle_android_rotation
bbc.u46.eform_modul.R$styleable: int Motion_motionStagger
bbc.u46.eform_modul.R$drawable: int abc_item_background_holo_dark
bbc.u46.eform_modul.R$dimen: int mtrl_progress_indicator_full_rounded_corner_radius
bbc.u46.eform_modul.R$id: int coordinator
bbc.u46.eform_modul.R$styleable: int TabLayout_tabIndicatorAnimationMode
bbc.u46.eform_modul.R$dimen: int _65ssp
bbc.u46.eform_modul.R$attr: int itemMaxLines
bbc.u46.eform_modul.R$color: int mtrl_fab_icon_text_color_selector
bbc.u46.eform_modul.R$style: int Theme_MaterialComponents_Dialog_FixedSize_Bridge
bbc.u46.eform_modul.R$dimen: int _533sdp
bbc.u46.eform_modul.R$dimen: int _19ssp
bbc.u46.eform_modul.R$styleable: int BottomAppBar_paddingLeftSystemWindowInsets
bbc.u46.eform_modul.R$style: int Widget_AppCompat_Light_ListView_DropDown
bbc.u46.eform_modul.R$dimen: int abc_list_item_height_small_material
bbc.u46.eform_modul.R$styleable: int ConstraintSet_flow_verticalBias
bbc.u46.eform_modul.R$dimen: int design_snackbar_action_text_color_alpha
bbc.u46.eform_modul.R$attr: int searchHintIcon
bbc.u46.eform_modul.R$style: int Widget_MaterialComponents_TimePicker_ImageButton
bbc.u46.eform_modul.R$attr: int motionEasingLinear
bbc.u46.eform_modul.R$styleable: int RecyclerView_fastScrollHorizontalTrackDrawable
bbc.u46.eform_modul.R$string: int turn_right_head_gesture
bbc.u46.eform_modul.R$attr: int textAppearanceOverline
bbc.u46.eform_modul.R$styleable: int ConstraintLayout_Layout_constraint_referenced_ids
bbc.u46.eform_modul.R$color: int error_color_material_light
bbc.u46.eform_modul.R$color: int dim_foreground_material_light
bbc.u46.eform_modul.R$styleable: int ConstraintSet_android_layout_width
bbc.u46.eform_modul.R$dimen: int _266sdp
bbc.u46.eform_modul.R$dimen: int _525sdp
bbc.u46.eform_modul.R$style: int TextAppearance_AppCompat_Body2
bbc.u46.eform_modul.R$attr: int backgroundInsetStart
...
io.flutter.plugins.GeneratedPluginRegistrant
io.flutter.plugins.GeneratedPluginRegistrant: GeneratedPluginRegistrant()
io.flutter.plugins.GeneratedPluginRegistrant: void registerWith(io.flutter.embedding.engine.FlutterEngine)
io.flutter.plugins.GeneratedPluginRegistrant: java.lang.String TAG