.android/Flutter/build/outputs/mapping/release/mapping.txt
# compiler: R8
# compiler_version: 2.1.62
# pg_map_id: 8624fe1
# common_typos_disable
bbc.u46.eform_modul.BuildConfig -> bbc.u46.eform_modul.a:
    boolean DEBUG -> a
    java.lang.String BUILD_TYPE -> c
    java.lang.String LIBRARY_PACKAGE_NAME -> b
    1:1:void <init>():6:6 -> <init>
bbc.u46.eform_modul.R$anim -> bbc.u46.eform_modul.R$anim:
    int btn_checkbox_to_checked_box_outer_merged_animation -> n
    int abc_tooltip_exit -> l
    int abc_slide_out_top -> j
    int mtrl_bottom_sheet_slide_out -> K
    int abc_slide_in_top -> h
    int fragment_open_exit -> I
    int abc_shrink_fade_out_from_bottom -> f
    int fragment_fast_out_extra_slow_in -> G
    int abc_popup_enter -> d
    int fragment_fade_enter -> E
    int abc_fade_out -> b
    int fragment_close_enter -> C
    int design_snackbar_in -> A
    int design_bottom_sheet_slide_in -> y
    int btn_radio_to_on_mtrl_ring_outer_animation -> w
    int btn_radio_to_off_mtrl_ring_outer_path_animation -> u
    int btn_radio_to_off_mtrl_dot_group_animation -> s
    int btn_checkbox_to_unchecked_check_path_merged_animation -> q
    int btn_checkbox_to_checked_icon_null_animation -> o
    int mtrl_card_lowers_interpolator -> L
    int btn_checkbox_to_checked_box_inner_merged_animation -> m
    int mtrl_bottom_sheet_slide_in -> J
    int abc_tooltip_enter -> k
    int fragment_open_enter -> H
    int abc_slide_out_bottom -> i
    int fragment_fade_exit -> F
    int abc_slide_in_bottom -> g
    int fragment_close_exit -> D
    int abc_popup_exit -> e
    int design_snackbar_out -> B
    int abc_grow_fade_in_from_bottom -> c
    int abc_fade_in -> a
    int design_bottom_sheet_slide_out -> z
    int btn_radio_to_on_mtrl_ring_outer_path_animation -> x
    int btn_radio_to_on_mtrl_dot_group_animation -> v
bbc.u46.eform_modul.R$animator -> bbc.u46.eform_modul.R$animator:
    int mtrl_btn_state_list_anim -> n
    int linear_indeterminate_line2_head_interpolator -> l
    int linear_indeterminate_line1_head_interpolator -> j
    int fragment_open_enter -> h
    int fragment_fade_enter -> f
    int fragment_close_enter -> d
    int design_fab_hide_motion_spec -> b
    int mtrl_fab_transformation_sheet_collapse_spec -> y
    int mtrl_fab_hide_motion_spec -> w
    int mtrl_extended_fab_show_motion_spec -> u
    int mtrl_extended_fab_change_size_expand_motion_spec -> s
    int mtrl_chip_state_list_anim -> q
    int mtrl_btn_unelevated_state_list_anim -> o
    int linear_indeterminate_line2_tail_interpolator -> m
    int linear_indeterminate_line1_tail_interpolator -> k
    int fragment_open_exit -> i
    int fragment_fade_exit -> g
    int fragment_close_exit -> e
    int design_fab_show_motion_spec -> c
    int design_appbar_state_list_animator -> a
    int mtrl_fab_transformation_sheet_expand_spec -> z
    int mtrl_fab_show_motion_spec -> x
    int mtrl_extended_fab_state_list_animator -> v
    int mtrl_extended_fab_hide_motion_spec -> t
    int mtrl_extended_fab_change_size_collapse_motion_spec -> r
    int mtrl_card_state_list_anim -> p
bbc.u46.eform_modul.R$array -> bbc.u46.eform_modul.R$array:
    int steps -> a
...
io.flutter.plugins.GeneratedPluginRegistrant -> io.flutter.plugins.GeneratedPluginRegistrant:
    1:1:void <init>():16:16 -> <init>
    1:140:void registerWith(io.flutter.embedding.engine.FlutterEngine):19:158 -> registerWith